Build started 4/28/2016 5:39:23 PM.
     1>Project "C:\Users\Robert Sierra\Documents\OriginalCodeExamples\Linked List\Linked List\Linked List.vcxproj" on node 2 (build target(s)).
     1>InitializeBuildStatus:
         Creating "Debug\Linked List.unsuccessfulbuild" because "AlwaysCreate" was specified.
       ClCompile:
         All outputs are up-to-date.
         All outputs are up-to-date.
       ManifestResourceCompile:
         All outputs are up-to-date.
       Link:
         c:\Program Files (x86)\Microsoft Visual Studio 10.0\VC\bin\link.exe /ERRORREPORT:PROMPT /OUT:"C:\Users\Robert Sierra\Documents\OriginalCodeExamples\Linked List\Debug\Linked List.exe" /INCREMENTAL /NOLOGO kernel32.lib user32.lib gdi32.lib winspool.lib comdlg32.lib advapi32.lib shell32.lib ole32.lib oleaut32.lib uuid.lib odbc32.lib odbccp32.lib /MANIFEST /ManifestFile:"Debug\Linked List.exe.intermediate.manifest" /MANIFESTUAC:"level='asInvoker' uiAccess='false'" /DEBUG /PDB:"C:\Users\Robert Sierra\Documents\OriginalCodeExamples\Linked List\Debug\Linked List.pdb" /SUBSYSTEM:CONSOLE /TLBID:1 /DYNAMICBASE /NXCOMPAT /IMPLIB:"C:\Users\Robert Sierra\Documents\OriginalCodeExamples\Linked List\Debug\Linked List.lib" /MACHINE:X86 "Debug\Linked List.exe.embed.manifest.res"
         "Debug\Linked List.obj"
         Debug\stdafx.obj
       Manifest:
         C:\Program Files (x86)\Microsoft SDKs\Windows\v7.0A\bin\mt.exe /nologo /verbose /out:"Debug\Linked List.exe.embed.manifest" /manifest "Debug\Linked List.exe.intermediate.manifest"
         All outputs are up-to-date.
       LinkEmbedManifest:
         All outputs are up-to-date.
         Linked List.vcxproj -> C:\Users\Robert Sierra\Documents\OriginalCodeExamples\Linked List\Debug\Linked List.exe
       FinalizeBuildStatus:
         Deleting file "Debug\Linked List.unsuccessfulbuild".
         Touching "Debug\Linked List.lastbuildstate".
     1>Done Building Project "C:\Users\Robert Sierra\Documents\OriginalCodeExamples\Linked List\Linked List\Linked List.vcxproj" (build target(s)).

Build succeeded.

Time Elapsed 00:00:00.43
